Removed Pin From Net: NetName=Led1 Pin=L2-1
Removed Pin From Net: NetName=Led2 Pin=L3-1
Removed Pin From Net: NetName=Led3 Pin=L4-1
Removed Pin From Net: NetName=Led4 Pin=L5-1
Removed Pin From Net: NetName=GND Pin=R8-1
Removed Pin From Net: NetName=GND Pin=R9-2
Removed Pin From Net: NetName=GND Pin=R10-2
Removed Pin From Net: NetName=GND Pin=R11-2
Added Pin To Net: NetName=GND Pin=L2-2
Added Pin To Net: NetName=GND Pin=L3-2
Added Pin To Net: NetName=GND Pin=L4-2
Added Pin To Net: NetName=GND Pin=L5-2
Added Pin To Net: NetName=Led1 Pin=R8-2
Added Pin To Net: NetName=Led2 Pin=R9-2
Added Pin To Net: NetName=Led3 Pin=R10-2
Added Pin To Net: NetName=Led4 Pin=R11-2
Added Pin To Net: NetName=NetL2_1 Pin=L2-1
Added Pin To Net: NetName=NetL2_1 Pin=R8-1
Added Net: Name=NetL2_1
Added Pin To Net: NetName=NetL3_1 Pin=L3-1
Added Pin To Net: NetName=NetL3_1 Pin=R9-1
Added Net: Name=NetL3_1
Added Pin To Net: NetName=NetL4_1 Pin=L4-1
Added Pin To Net: NetName=NetL4_1 Pin=R10-1
Added Net: Name=NetL4_1
Added Pin To Net: NetName=NetL5_1 Pin=L5-1
Added Pin To Net: NetName=NetL5_1 Pin=R11-1
Added Net: Name=NetL5_1
Added Room: Name=Sheet2
