Change Component Designator: OldDesignator=BT? NewDesignator=BT2
Change Component Designator: OldDesignator=BT? NewDesignator=BT3
Change Component Designator: OldDesignator=C? NewDesignator=C15
Change Component Designator: OldDesignator=C? NewDesignator=C16
Change Component Designator: OldDesignator=C? NewDesignator=C17
Change Component Designator: OldDesignator=C? NewDesignator=C18
Change Component Designator: OldDesignator=C? NewDesignator=C19
Change Component Designator: OldDesignator=C? NewDesignator=C20
Change Component Designator: OldDesignator=C? NewDesignator=C21
Change Component Designator: OldDesignator=C? NewDesignator=C22
Change Component Designator: OldDesignator=D? NewDesignator=D1
Change Component Designator: OldDesignator=H? NewDesignator=H2
Change Component Designator: OldDesignator=H? NewDesignator=H3
Change Component Designator: OldDesignator=H? NewDesignator=H4
Change Component Designator: OldDesignator=H? NewDesignator=H5
Change Component Designator: OldDesignator=H? NewDesignator=H6
Change Component Designator: OldDesignator=JACK DC? NewDesignator=JACK DC1
Change Component Designator: OldDesignator=L? NewDesignator=L1
Change Component Designator: OldDesignator=L? NewDesignator=L2
Change Component Designator: OldDesignator=L? NewDesignator=L3
Change Component Designator: OldDesignator=L? NewDesignator=L4
Change Component Designator: OldDesignator=L? NewDesignator=L5
Change Component Designator: OldDesignator=Q? NewDesignator=Q1
Change Component Designator: OldDesignator=Q? NewDesignator=Q2
Change Component Designator: OldDesignator=R? NewDesignator=R4
Change Component Designator: OldDesignator=R? NewDesignator=R5
Change Component Designator: OldDesignator=R? NewDesignator=R6
Change Component Designator: OldDesignator=R? NewDesignator=R7
Change Component Designator: OldDesignator=R? NewDesignator=R8
Change Component Designator: OldDesignator=R? NewDesignator=R9
Change Component Designator: OldDesignator=R? NewDesignator=R10
Change Component Designator: OldDesignator=R? NewDesignator=R11
Change Component Designator: OldDesignator=R? NewDesignator=R12
Change Component Designator: OldDesignator=R? NewDesignator=R13
Change Component Designator: OldDesignator=SIM? NewDesignator=SIM1
Change Component Designator: OldDesignator=U? NewDesignator=U3
Change Component Designator: OldDesignator=USB? NewDesignator=USB1
Change Net Name : Old Net Name=NetC?_1 New Net Name=NetC15_1
Change Net Name : Old Net Name=NetD?_1 New Net Name=NetD1_1
Change Net Name : Old Net Name=NetL?_1 New Net Name=NetL1_1
Change Net Name : Old Net Name=NetL?_2 New Net Name=NetL4_2
Change Net Name : Old Net Name=NetQ?_1 New Net Name=NetQ2_1
Change Net Name : Old Net Name=NetQ?_2 New Net Name=NetQ1_2
Change Net Name : Old Net Name=NetR?_2 New Net Name=NetR11_2
Change Net Name : Old Net Name=NetU?_5 New Net Name=NetU3_5
Change Net Name : Old Net Name=NetU?_6 New Net Name=NetU3_6
Added Pin To Net: NetName=NetL2_2 Pin=L2-2
Added Pin To Net: NetName=NetL2_2 Pin=R4-2
Added Net: Name=NetL2_2
Added Pin To Net: NetName=NetL3_2 Pin=L3-2
Added Pin To Net: NetName=NetL3_2 Pin=R5-1
Added Net: Name=NetL3_2
Added Pin To Net: NetName=NetL5_2 Pin=L5-2
Added Pin To Net: NetName=NetL5_2 Pin=R7-1
Added Net: Name=NetL5_2
Added Pin To Net: NetName=NetQ1_1 Pin=Q1-1
Added Pin To Net: NetName=NetQ1_1 Pin=R8-1
Added Net: Name=NetQ1_1
Added Pin To Net: NetName=NetQ2_2 Pin=Q2-2
Added Pin To Net: NetName=NetQ2_2 Pin=R8-2
Added Pin To Net: NetName=NetQ2_2 Pin=U3-13
Added Net: Name=NetQ2_2
Added Pin To Net: NetName=NetR9_2 Pin=R9-2
Added Pin To Net: NetName=NetR9_2 Pin=U3-3
Added Net: Name=NetR9_2
Added Member To Class: ClassName=Sheet1 Member=Component BT2 Nut Nhan 2 Chan SMD 3x6x2.5
Added Member To Class: ClassName=Sheet1 Member=Component C16 106
Added Member To Class: ClassName=Sheet1 Member=Component C17 104
Added Member To Class: ClassName=Sheet1 Member=Component C18 106
Added Member To Class: ClassName=Sheet1 Member=Component C19 104
Added Member To Class: ClassName=Sheet1 Member=Component C20 104
Added Member To Class: ClassName=Sheet1 Member=Component C21 105
Added Member To Class: ClassName=Sheet1 Member=Component C22 104
Added Member To Class: ClassName=Sheet1 Member=Component H2 Header 4P
Added Member To Class: ClassName=Sheet1 Member=Component H3 Header 3P
Added Member To Class: ClassName=Sheet1 Member=Component H4 Header 3P
Added Member To Class: ClassName=Sheet1 Member=Component H5 Header
Added Member To Class: ClassName=Sheet1 Member=Component L1 LED 0805
Added Member To Class: ClassName=Sheet1 Member=Component L2 LED 0805
Added Member To Class: ClassName=Sheet1 Member=Component L4 LED 0805
Added Member To Class: ClassName=Sheet1 Member=Component L5 LED 0805
Added Member To Class: ClassName=Sheet1 Member=Component Q2 S8050
Added Member To Class: ClassName=Sheet1 Member=Component R4 390R
Added Member To Class: ClassName=Sheet1 Member=Component R5 390R
Added Member To Class: ClassName=Sheet1 Member=Component R6 390R
Added Member To Class: ClassName=Sheet1 Member=Component R7 390R
Added Member To Class: ClassName=Sheet1 Member=Component R8 10k
Added Member To Class: ClassName=Sheet1 Member=Component R9 470R
Added Member To Class: ClassName=Sheet1 Member=Component R10 10k
Added Member To Class: ClassName=Sheet1 Member=Component R12 1k
Added Member To Class: ClassName=Sheet1 Member=Component R13 10k
