Removed Pin From Net: NetName=+5 Pin=Flow-1
Removed Pin From Net: NetName=PB1 Pin=Flow-2
Removed Pin From Net: NetName=GND Pin=Flow-3
Removed Pin From Net: NetName=+5 Pin=LCD-1
Removed Pin From Net: NetName=SDA2 Pin=LCD-2
Removed Pin From Net: NetName=SCL2 Pin=LCD-3
Removed Pin From Net: NetName=GND Pin=LCD-4
Removed Pin From Net: NetName=+5 Pin=SHT3x-1
Removed Pin From Net: NetName=SDA1 Pin=SHT3x-2
Removed Pin From Net: NetName=SCL1 Pin=SHT3x-3
Removed Pin From Net: NetName=GND Pin=SHT3x-4
Added Pin To Net: NetName=GND Pin=Flow-1
Added Pin To Net: NetName=+5 Pin=Flow-2
Added Pin To Net: NetName=PB1 Pin=Flow-3
Added Pin To Net: NetName=GND Pin=LCD-1
Added Pin To Net: NetName=+5 Pin=LCD-2
Added Pin To Net: NetName=SDA2 Pin=LCD-3
Added Pin To Net: NetName=SCL2 Pin=LCD-4
Added Pin To Net: NetName=GND Pin=SHT3x-1
Added Pin To Net: NetName=+5 Pin=SHT3x-2
Added Pin To Net: NetName=SDA1 Pin=SHT3x-3
Added Pin To Net: NetName=SCL1 Pin=SHT3x-4
Added Room: Name=Sheet4
