Removed Pin From Net: NetName=GND Pin=BT3-1
Removed Pin From Net: NetName=+3.3 Pin=C1-1
Removed Pin From Net: NetName=GND Pin=C1-2
Removed Pin From Net: NetName=+3.3 Pin=C2-1
Removed Pin From Net: NetName=GND Pin=C2-2
Removed Pin From Net: NetName=+5 Pin=C5-1
Removed Pin From Net: NetName=+5 Pin=C6-1
Removed Pin From Net: NetName=+3.3 Pin=C7-1
Removed Pin From Net: NetName=+3.3 Pin=C8-1
Removed Pin From Net: NetName=GND Pin=C11-1
Removed Pin From Net: NetName=GND Pin=C12-1
Removed Pin From Net: NetName=+3.3 Pin=C12-2
Removed Pin From Net: NetName=+3.3 Pin=C13-1
Removed Pin From Net: NetName=+3.3 Pin=C14-1
Removed Pin From Net: NetName=GND Pin=C15-1
Removed Pin From Net: NetName=GND Pin=C16-1
Removed Pin From Net: NetName=+3.3 Pin=H1-1
Removed Pin From Net: NetName=GND Pin=H1-4
Removed Pin From Net: NetName=GND Pin=H2-1
Removed Pin From Net: NetName=+5 Pin=H2-2
Removed Pin From Net: NetName=+5 Pin=H3-1
Removed Pin From Net: NetName=GND Pin=H3-4
Removed Pin From Net: NetName=+5 Pin=H4-1
Removed Pin From Net: NetName=GND Pin=H4-3
Removed Pin From Net: NetName=GND Pin=H5-1
Removed Pin From Net: NetName=+5 Pin=H5-2
Removed Pin From Net: NetName=+5 Pin=H7-1
Removed Pin From Net: NetName=GND Pin=H7-4
Removed Pin From Net: NetName=GND Pin=R1-2
Removed Pin From Net: NetName=NetL1_1 Pin=R2-1
Removed Pin From Net: NetName=GND Pin=R3-1
Removed Pin From Net: NetName=NetL2_2 Pin=R3-2
Removed Pin From Net: NetName=+3.3 Pin=R4-2
Removed Pin From Net: NetName=NetL3_2 Pin=R5-1
Removed Pin From Net: NetName=GND Pin=R5-2
Removed Pin From Net: NetName=NetL4_2 Pin=R6-1
Removed Pin From Net: NetName=GND Pin=R6-2
Removed Pin From Net: NetName=NetL5_2 Pin=R7-1
Removed Pin From Net: NetName=GND Pin=R7-2
Removed Pin From Net: NetName=+3.3 Pin=R8-2
Removed Pin From Net: NetName=+3.3 Pin=R9-2
Removed Pin From Net: NetName=+3.3 Pin=U2-1
Removed Pin From Net: NetName=GND Pin=U2-8
Removed Pin From Net: NetName=+3.3 Pin=U2-9
Removed Pin From Net: NetName=NSS Pin=U2-14
Removed Pin From Net: NetName=SCK Pin=U2-15
Removed Pin From Net: NetName=MISO Pin=U2-16
Removed Pin From Net: NetName=MOSI Pin=U2-17
Removed Pin From Net: NetName=RST_Lora Pin=U2-18
Removed Pin From Net: NetName=DIO0 Pin=U2-20
Removed Pin From Net: NetName=GND Pin=U2-23
Removed Pin From Net: NetName=+3.3 Pin=U2-24
Removed Pin From Net: NetName=Led4 Pin=U2-26
Removed Pin From Net: NetName=Led3 Pin=U2-27
Removed Pin From Net: NetName=Led2 Pin=U2-28
Removed Pin From Net: NetName=Led1 Pin=U2-29
Removed Pin From Net: NetName=GND Pin=U2-35
Removed Pin From Net: NetName=+3.3 Pin=U2-36
Removed Pin From Net: NetName=GND Pin=U2-47
Removed Pin From Net: NetName=+3.3 Pin=U2-48
Removed Member From Class: ClassName=Sheet3 Member=BT3
Removed Member From Class: ClassName=Sheet3 Member=C15
Removed Member From Class: ClassName=Sheet3 Member=C16
Removed Member From Class: ClassName=Sheet3 Member=H1
Removed Member From Class: ClassName=Sheet3 Member=H2
Removed Member From Class: ClassName=Sheet3 Member=H3
Removed Member From Class: ClassName=Sheet3 Member=H4
Removed Member From Class: ClassName=Sheet3 Member=H5
Removed Member From Class: ClassName=Sheet3 Member=H6
Removed Member From Class: ClassName=Sheet3 Member=H7
Removed Member From Class: ClassName=Sheet3 Member=X1
Change Component Footprint: Designator=U2 Old Footprint=LQFP-48_19.6_393_58X11_SMD New Footprint=SOIC16_50_284_25X90_SMT
Change Component Comment : Designator=R1 Old Comment=10k New Comment=1k
Change Component Comment : Designator=R8 Old Comment=10k New Comment=390R
Change Component Comment : Designator=R9 Old Comment=10k New Comment=390R
Change Component Comment : Designator=C6 Old Comment=104 New Comment=105
Change Component Comment : Designator=C1 Old Comment=104 New Comment=106
Change Component Comment : Designator=C4 Old Comment=104 New Comment=106
Change Component Comment : Designator=C8 Old Comment=104 New Comment=106
Change Component Comment : Designator=C10 Old Comment=104 New Comment=106
Change Component Comment : Designator=C13 Old Comment=104 New Comment=106
Change Component Comment : Designator=C5 Old Comment=106 New Comment=104
Change Component Comment : Designator=C7 Old Comment=106 New Comment=104
Change Component Comment : Designator=C14 Old Comment=106 New Comment=104
Change Component Comment : Designator=R2 Old Comment=220R New Comment=10k
Change Component Comment : Designator=R6 Old Comment=390R New Comment=10k
Change Component Comment : Designator=R3 Old Comment=390R New Comment=220R
Change Component Comment : Designator=R5 Old Comment=390R New Comment=470R
Change Component Comment : Designator=R7 Old Comment=390R New Comment=470R
Change Component Comment : Designator=U2 Old Comment=STM32F103C8T6 New Comment=CH340C
Change component parameters: Designator = "C1" ("C1"); Footprint = "tu 1206"; UniqueID = "\ZXNBZVJW" ("\ZXNBZVJW")
Change component parameters (AddParameter): Name = "Chung_Loai"; Value = "Dán"; VariantName = "[No Variations]"
Change component parameters (AddParameter): Name = "Don_Vi"; Value = "Con"; VariantName = "[No Variations]"
Change component parameters (AddParameter): Name = "Kieu_Chan"; Value = ""; VariantName = "[No Variations]"
Change component parameters (AddParameter): Name = "Ma_Hang"; Value = "MH004541"; VariantName = "[No Variations]"
Change component parameters (AddParameter): Name = "So_Chan"; Value = "2"; VariantName = "[No Variations]"
Change component parameters (AddParameter): Name = "Ten_Linh_Kien"; Value = "T? 1206 106-10uF 20% 16V"; VariantName = "[No Variations]"
Change component parameters: Designator = "C4" ("C4"); Footprint = "tu 1206"; UniqueID = "\VLQQNEUW" ("\VLQQNEUW")
Change component parameters (AddParameter): Name = "Chung_Loai"; Value = "Dán"; VariantName = "[No Variations]"
Change component parameters (AddParameter): Name = "Don_Vi"; Value = "Con"; VariantName = "[No Variations]"
Change component parameters (AddParameter): Name = "Kieu_Chan"; Value = ""; VariantName = "[No Variations]"
Change component parameters (AddParameter): Name = "Ma_Hang"; Value = "MH004541"; VariantName = "[No Variations]"
Change component parameters (AddParameter): Name = "So_Chan"; Value = "2"; VariantName = "[No Variations]"
Change component parameters (AddParameter): Name = "Ten_Linh_Kien"; Value = "T? 1206 106-10uF 20% 16V"; VariantName = "[No Variations]"
Change component parameters: Designator = "C5" ("C5"); Footprint = "tu 1206"; UniqueID = "\HVAFXWMK" ("\HVAFXWMK")
Change component parameters (AddParameter): Name = "Chung_Loai"; Value = "Dán"; VariantName = "[No Variations]"
Change component parameters (AddParameter): Name = "Don_Vi"; Value = "Con"; VariantName = "[No Variations]"
Change component parameters (AddParameter): Name = "Kieu_Chan"; Value = ""; VariantName = "[No Variations]"
Change component parameters (AddParameter): Name = "Ma_Hang"; Value = "MH004544"; VariantName = "[No Variations]"
Change component parameters (AddParameter): Name = "So_Chan"; Value = "2"; VariantName = "[No Variations]"
Change component parameters (AddParameter): Name = "Ten_Linh_Kien"; Value = "T? 1206 104-0.1uF 20% 50V"; VariantName = "[No Variations]"
Change component parameters: Designator = "C6" ("C6"); Footprint = "tu 1206"; UniqueID = "\MMYJDXKH" ("\MMYJDXKH")
Change component parameters (AddParameter): Name = "Chung_Loai"; Value = "Dán"; VariantName = "[No Variations]"
Change component parameters (AddParameter): Name = "Don_Vi"; Value = "Con"; VariantName = "[No Variations]"
Change component parameters (AddParameter): Name = "Kieu_Chan"; Value = ""; VariantName = "[No Variations]"
Change component parameters (AddParameter): Name = "Ma_Hang"; Value = "MH004545"; VariantName = "[No Variations]"
Change component parameters (AddParameter): Name = "So_Chan"; Value = "2"; VariantName = "[No Variations]"
Change component parameters (AddParameter): Name = "Ten_Linh_Kien"; Value = "T? 1206 105-1uF 20% 50V"; VariantName = "[No Variations]"
Change component parameters: Designator = "C7" ("C7"); Footprint = "tu 1206"; UniqueID = "\NBQRCJCN" ("\NBQRCJCN")
Change component parameters (AddParameter): Name = "Chung_Loai"; Value = "Dán"; VariantName = "[No Variations]"
Change component parameters (AddParameter): Name = "Don_Vi"; Value = "Con"; VariantName = "[No Variations]"
Change component parameters (AddParameter): Name = "Kieu_Chan"; Value = ""; VariantName = "[No Variations]"
Change component parameters (AddParameter): Name = "Ma_Hang"; Value = "MH004544"; VariantName = "[No Variations]"
Change component parameters (AddParameter): Name = "So_Chan"; Value = "2"; VariantName = "[No Variations]"
Change component parameters (AddParameter): Name = "Ten_Linh_Kien"; Value = "T? 1206 104-0.1uF 20% 50V"; VariantName = "[No Variations]"
Change component parameters: Designator = "C8" ("C8"); Footprint = "tu 1206"; UniqueID = "\QEWPGCVA" ("\QEWPGCVA")
Change component parameters (AddParameter): Name = "Chung_Loai"; Value = "Dán"; VariantName = "[No Variations]"
Change component parameters (AddParameter): Name = "Don_Vi"; Value = "Con"; VariantName = "[No Variations]"
Change component parameters (AddParameter): Name = "Kieu_Chan"; Value = ""; VariantName = "[No Variations]"
Change component parameters (AddParameter): Name = "Ma_Hang"; Value = "MH004541"; VariantName = "[No Variations]"
Change component parameters (AddParameter): Name = "So_Chan"; Value = "2"; VariantName = "[No Variations]"
Change component parameters (AddParameter): Name = "Ten_Linh_Kien"; Value = "T? 1206 106-10uF 20% 16V"; VariantName = "[No Variations]"
Change component parameters: Designator = "C10" ("C10"); Footprint = "tu 1206"; UniqueID = "\PBOPQPGM" ("\PBOPQPGM")
Change component parameters (AddParameter): Name = "Chung_Loai"; Value = "Dán"; VariantName = "[No Variations]"
Change component parameters (AddParameter): Name = "Don_Vi"; Value = "Con"; VariantName = "[No Variations]"
Change component parameters (AddParameter): Name = "Kieu_Chan"; Value = ""; VariantName = "[No Variations]"
Change component parameters (AddParameter): Name = "Ma_Hang"; Value = "MH004541"; VariantName = "[No Variations]"
Change component parameters (AddParameter): Name = "So_Chan"; Value = "2"; VariantName = "[No Variations]"
Change component parameters (AddParameter): Name = "Ten_Linh_Kien"; Value = "T? 1206 106-10uF 20% 16V"; VariantName = "[No Variations]"
Change component parameters: Designator = "C13" ("C13"); Footprint = "tu 1206"; UniqueID = "\IKTCIVBP" ("\IKTCIVBP")
Change component parameters (AddParameter): Name = "Chung_Loai"; Value = "Dán"; VariantName = "[No Variations]"
Change component parameters (AddParameter): Name = "Don_Vi"; Value = "Con"; VariantName = "[No Variations]"
Change component parameters (AddParameter): Name = "Kieu_Chan"; Value = ""; VariantName = "[No Variations]"
Change component parameters (AddParameter): Name = "Ma_Hang"; Value = "MH004541"; VariantName = "[No Variations]"
Change component parameters (AddParameter): Name = "So_Chan"; Value = "2"; VariantName = "[No Variations]"
Change component parameters (AddParameter): Name = "Ten_Linh_Kien"; Value = "T? 1206 106-10uF 20% 16V"; VariantName = "[No Variations]"
Change component parameters: Designator = "C14" ("C14"); Footprint = "tu 1206"; UniqueID = "\ODHHVEZC" ("\ODHHVEZC")
Change component parameters (AddParameter): Name = "Chung_Loai"; Value = "Dán"; VariantName = "[No Variations]"
Change component parameters (AddParameter): Name = "Don_Vi"; Value = "Con"; VariantName = "[No Variations]"
Change component parameters (AddParameter): Name = "Kieu_Chan"; Value = ""; VariantName = "[No Variations]"
Change component parameters (AddParameter): Name = "Ma_Hang"; Value = "MH004544"; VariantName = "[No Variations]"
Change component parameters (AddParameter): Name = "So_Chan"; Value = "2"; VariantName = "[No Variations]"
Change component parameters (AddParameter): Name = "Ten_Linh_Kien"; Value = "T? 1206 104-0.1uF 20% 50V"; VariantName = "[No Variations]"
Change component parameters: Designator = "R1" ("R1"); Footprint = "tro smd 1206"; UniqueID = "\FGUOJPFW" ("\FGUOJPFW")
Change component parameters (AddParameter): Name = "Chung_Loai"; Value = "Dán"; VariantName = "[No Variations]"
Change component parameters (AddParameter): Name = "Don_Vi"; Value = "Con"; VariantName = "[No Variations]"
Change component parameters (AddParameter): Name = "Kieu_Chan"; Value = ""; VariantName = "[No Variations]"
Change component parameters (AddParameter): Name = "Ma_Hang"; Value = "MH005904"; VariantName = "[No Variations]"
Change component parameters (AddParameter): Name = "So_Chan"; Value = "2"; VariantName = "[No Variations]"
Change component parameters (AddParameter): Name = "Ten_Linh_Kien"; Value = "Tr? 1206 5% 1k"; VariantName = "[No Variations]"
Change component parameters: Designator = "R2" ("R2"); Footprint = "tro smd 1206"; UniqueID = "\BZOGMVQQ" ("\BZOGMVQQ")
Change component parameters (AddParameter): Name = "Chung_Loai"; Value = "Dán"; VariantName = "[No Variations]"
Change component parameters (AddParameter): Name = "Don_Vi"; Value = "Con"; VariantName = "[No Variations]"
Change component parameters (AddParameter): Name = "Kieu_Chan"; Value = ""; VariantName = "[No Variations]"
Change component parameters (AddParameter): Name = "Ma_Hang"; Value = "MH005885"; VariantName = "[No Variations]"
Change component parameters (AddParameter): Name = "So_Chan"; Value = "2"; VariantName = "[No Variations]"
Change component parameters (AddParameter): Name = "Ten_Linh_Kien"; Value = "Tr? 1206 1% 10k"; VariantName = "[No Variations]"
Change component parameters: Designator = "R3" ("R3"); Footprint = "Tro smd 1206"; UniqueID = "\JVDHAMYG" ("\JVDHAMYG")
Change component parameters (AddParameter): Name = "Chung_Loai"; Value = "Dán"; VariantName = "[No Variations]"
Change component parameters (AddParameter): Name = "Don_Vi"; Value = "Con"; VariantName = "[No Variations]"
Change component parameters (AddParameter): Name = "Kieu_Chan"; Value = ""; VariantName = "[No Variations]"
Change component parameters (AddParameter): Name = "Ma_Hang"; Value = "MH005897"; VariantName = "[No Variations]"
Change component parameters (AddParameter): Name = "So_Chan"; Value = "2"; VariantName = "[No Variations]"
Change component parameters (AddParameter): Name = "Ten_Linh_Kien"; Value = "Tr? 1206 1% 220R"; VariantName = "[No Variations]"
Change component parameters: Designator = "R4" ("R4"); Footprint = "tro smd 1206"; UniqueID = "\GOOHNMMJ" ("\GOOHNMMJ")
Change component parameters (AddParameter): Name = "Chung_Loai"; Value = "Dán"; VariantName = "[No Variations]"
Change component parameters (AddParameter): Name = "Don_Vi"; Value = "Con"; VariantName = "[No Variations]"
Change component parameters (AddParameter): Name = "Kieu_Chan"; Value = ""; VariantName = "[No Variations]"
Change component parameters (AddParameter): Name = "Ma_Hang"; Value = "MH005909"; VariantName = "[No Variations]"
Change component parameters (AddParameter): Name = "So_Chan"; Value = "2"; VariantName = "[No Variations]"
Change component parameters (AddParameter): Name = "Ten_Linh_Kien"; Value = "Tr? 1206 5% 10K"; VariantName = "[No Variations]"
Change component parameters: Designator = "R5" ("R5"); Footprint = "Tro smd 1206"; UniqueID = "\LNQMOLFK" ("\LNQMOLFK")
Change component parameters (AddParameter): Name = "Chung_Loai"; Value = "Dán"; VariantName = "[No Variations]"
Change component parameters (AddParameter): Name = "Don_Vi"; Value = "Con"; VariantName = "[No Variations]"
Change component parameters (AddParameter): Name = "Kieu_Chan"; Value = ""; VariantName = "[No Variations]"
Change component parameters (AddParameter): Name = "Ma_Hang"; Value = "MH005901"; VariantName = "[No Variations]"
Change component parameters (AddParameter): Name = "So_Chan"; Value = "2"; VariantName = "[No Variations]"
Change component parameters (AddParameter): Name = "Ten_Linh_Kien"; Value = "Tr? 1206 5% 680R"; VariantName = "[No Variations]"
Change component parameters: Designator = "R6" ("R6"); Footprint = "Tro smd 1206"; UniqueID = "\KLZBDLMR" ("\KLZBDLMR")
Change component parameters (AddParameter): Name = "Chung_Loai"; Value = "Dán"; VariantName = "[No Variations]"
Change component parameters (AddParameter): Name = "Don_Vi"; Value = "Con"; VariantName = "[No Variations]"
Change component parameters (AddParameter): Name = "Kieu_Chan"; Value = ""; VariantName = "[No Variations]"
Change component parameters (AddParameter): Name = "Ma_Hang"; Value = "MH005909"; VariantName = "[No Variations]"
Change component parameters (AddParameter): Name = "So_Chan"; Value = "2"; VariantName = "[No Variations]"
Change component parameters (AddParameter): Name = "Ten_Linh_Kien"; Value = "Tr? 1206 5% 10K"; VariantName = "[No Variations]"
Change component parameters: Designator = "R7" ("R7"); Footprint = "Tro smd 1206"; UniqueID = "\RFNFNVEZ" ("\RFNFNVEZ")
Change component parameters (AddParameter): Name = "Chung_Loai"; Value = "Dán"; VariantName = "[No Variations]"
Change component parameters (AddParameter): Name = "Don_Vi"; Value = "Con"; VariantName = "[No Variations]"
Change component parameters (AddParameter): Name = "Kieu_Chan"; Value = ""; VariantName = "[No Variations]"
Change component parameters (AddParameter): Name = "Ma_Hang"; Value = "MH005901"; VariantName = "[No Variations]"
Change component parameters (AddParameter): Name = "So_Chan"; Value = "2"; VariantName = "[No Variations]"
Change component parameters (AddParameter): Name = "Ten_Linh_Kien"; Value = "Tr? 1206 5% 680R"; VariantName = "[No Variations]"
Change component parameters: Designator = "R8" ("R8"); Footprint = "tro smd 1206"; UniqueID = "\OBDYFDVU" ("\OBDYFDVU")
Change component parameters (AddParameter): Name = "Chung_Loai"; Value = "Dán"; VariantName = "[No Variations]"
Change component parameters (AddParameter): Name = "Don_Vi"; Value = "Con"; VariantName = "[No Variations]"
Change component parameters (AddParameter): Name = "Kieu_Chan"; Value = ""; VariantName = "[No Variations]"
Change component parameters (AddParameter): Name = "Ma_Hang"; Value = "MH005927"; VariantName = "[No Variations]"
Change component parameters (AddParameter): Name = "So_Chan"; Value = "2"; VariantName = "[No Variations]"
Change component parameters (AddParameter): Name = "Ten_Linh_Kien"; Value = "Tr? 1206 5% 390R"; VariantName = "[No Variations]"
Change component parameters: Designator = "R9" ("R9"); Footprint = "tro smd 1206"; UniqueID = "\STIAZZPL" ("\STIAZZPL")
Change component parameters (AddParameter): Name = "Chung_Loai"; Value = "Dán"; VariantName = "[No Variations]"
Change component parameters (AddParameter): Name = "Don_Vi"; Value = "Con"; VariantName = "[No Variations]"
Change component parameters (AddParameter): Name = "Kieu_Chan"; Value = ""; VariantName = "[No Variations]"
Change component parameters (AddParameter): Name = "Ma_Hang"; Value = "MH005927"; VariantName = "[No Variations]"
Change component parameters (AddParameter): Name = "So_Chan"; Value = "2"; VariantName = "[No Variations]"
Change component parameters (AddParameter): Name = "Ten_Linh_Kien"; Value = "Tr? 1206 5% 390R"; VariantName = "[No Variations]"
Change component parameters: Designator = "U2" ("U2"); Footprint = "LQFP-48_19.6_393_58X11_SMD"; UniqueID = "\ZQHIXAJV" ("\ZQHIXAJV")
Change component parameters (AddParameter): Name = "Alternate Part Number-1"; Value = "NA"; VariantName = "[No Variations]"
Change component parameters (AddParameter): Name = "Case/Package"; Value = "SOIC16"; VariantName = "[No Variations]"
Change component parameters (AddParameter): Name = "Manufacturer"; Value = "Olimex"; VariantName = "[No Variations]"
Change component parameters (AddParameter): Name = "Manufacturer Part Number"; Value = "CH340C"; VariantName = "[No Variations]"
Change component parameters (AddParameter): Name = "Supplier Part Number-1"; Value = "C84681"; VariantName = "[No Variations]"
Change component parameters (AddParameter): Name = "Supplier-1"; Value = "LCSC"; VariantName = "[No Variations]"
Added Component: Designator=*1(ESP32-WROOM-32D)
Added Component: Designator=D1(DIODE SMA)
Add component (AddParameter): Name = "Chung_Loai"; Value = "Dán"; VariantName = "[No Variations]"
Add component (AddParameter): Name = "Don_Vi"; Value = "Con"; VariantName = "[No Variations]"
Add component (AddParameter): Name = "Ghi_Chu"; Value = ""; VariantName = "[No Variations]"
Add component (AddParameter): Name = "Kieu_Chan"; Value = ""; VariantName = "[No Variations]"
Add component (AddParameter): Name = "Ma_Hang"; Value = "MH000944"; VariantName = "[No Variations]"
Add component (AddParameter): Name = "Ten_Linh_Kien"; Value = "Diode M7 1N4007 SMD 1A 1000V"; VariantName = "[No Variations]"
Added Component: Designator=Q1(S8050)
Added Component: Designator=Q2(S8050)
Added Component: Designator=R10(Tro smd 1206)
Add component (AddParameter): Name = "Chung_Loai"; Value = "Dán"; VariantName = "[No Variations]"
Add component (AddParameter): Name = "Don_Vi"; Value = "Con"; VariantName = "[No Variations]"
Add component (AddParameter): Name = "Kieu_Chan"; Value = ""; VariantName = "[No Variations]"
Add component (AddParameter): Name = "Ma_Hang"; Value = "MH005927"; VariantName = "[No Variations]"
Add component (AddParameter): Name = "So_Chan"; Value = "2"; VariantName = "[No Variations]"
Add component (AddParameter): Name = "Ten_Linh_Kien"; Value = "Tr? 1206 5% 390R"; VariantName = "[No Variations]"
Added Component: Designator=R11(Tro smd 1206)
Add component (AddParameter): Name = "Chung_Loai"; Value = "Dán"; VariantName = "[No Variations]"
Add component (AddParameter): Name = "Don_Vi"; Value = "Con"; VariantName = "[No Variations]"
Add component (AddParameter): Name = "Kieu_Chan"; Value = ""; VariantName = "[No Variations]"
Add component (AddParameter): Name = "Ma_Hang"; Value = "MH005927"; VariantName = "[No Variations]"
Add component (AddParameter): Name = "So_Chan"; Value = "2"; VariantName = "[No Variations]"
Add component (AddParameter): Name = "Ten_Linh_Kien"; Value = "Tr? 1206 5% 390R"; VariantName = "[No Variations]"
Added Component: Designator=USB1(USB Micro 5p DIP)
Add component (AddParameter): Name = "Ma_Hang"; Value = "MH005145"; VariantName = "[No Variations]"
Add component (AddParameter): Name = "Ten"; Value = "MicroUSB MK5P DIP"; VariantName = "[No Variations]"
Added Pin To Net: NetName=GND Pin=*1-1
Added Pin To Net: NetName=+3.3 Pin=*1-2
Added Pin To Net: NetName=Led1 Pin=*1-9
Added Pin To Net: NetName=Led2 Pin=*1-10
Added Pin To Net: NetName=Led3 Pin=*1-11
Added Pin To Net: NetName=Led4 Pin=*1-12
Added Pin To Net: NetName=RST_Lora Pin=*1-13
Added Pin To Net: NetName=GND Pin=*1-15
Added Pin To Net: NetName=DIO0 Pin=*1-24
Added Pin To Net: NetName=NSS Pin=*1-29
Added Pin To Net: NetName=SCK Pin=*1-30
Added Pin To Net: NetName=MISO Pin=*1-31
Added Pin To Net: NetName=MOSI Pin=*1-37
Added Pin To Net: NetName=GND Pin=*1-38
Added Pin To Net: NetName=GND Pin=C1-1
Added Pin To Net: NetName=+3.3 Pin=C1-2
Added Pin To Net: NetName=GND Pin=C2-1
Added Pin To Net: NetName=+3.3 Pin=C2-2
Added Pin To Net: NetName=+5 Pin=C8-1
Added Pin To Net: NetName=+5 Pin=C9-1
Added Pin To Net: NetName=+3.3 Pin=C10-1
Added Pin To Net: NetName=+3.3 Pin=C11-1
Added Pin To Net: NetName=GND Pin=C11-2
Added Pin To Net: NetName=GND Pin=C12-2
Added Pin To Net: NetName=+5 Pin=C13-1
Added Pin To Net: NetName=+5 Pin=C14-1
Added Pin To Net: NetName=+5 Pin=D1-2
Added Pin To Net: NetName=+3.3 Pin=R1-2
Added Pin To Net: NetName=NetL1_1 Pin=R3-1
Added Pin To Net: NetName=+3.3 Pin=R3-2
Added Pin To Net: NetName=GND Pin=R8-1
Added Pin To Net: NetName=NetL2_2 Pin=R8-2
Added Pin To Net: NetName=NetL3_2 Pin=R9-1
Added Pin To Net: NetName=GND Pin=R9-2
Added Pin To Net: NetName=NetL4_2 Pin=R10-1
Added Pin To Net: NetName=GND Pin=R10-2
Added Pin To Net: NetName=NetL5_2 Pin=R11-1
Added Pin To Net: NetName=GND Pin=R11-2
Added Pin To Net: NetName=GND Pin=U2-1
Added Pin To Net: NetName=+5 Pin=U2-16
Added Pin To Net: NetName=GND Pin=USB1-5
Added Pin To Net: NetName=GND Pin=USB1-5
Added Pin To Net: NetName=GND Pin=USB1-5
Added Pin To Net: NetName=GND Pin=USB1-5
Added Pin To Net: NetName=GND Pin=USB1-5
Added Pin To Net: NetName=GND Pin=USB1-5
Added Pin To Net: NetName=GND Pin=USB1-5
Added Pin To Net: NetName=EN Pin=*1-3
Added Pin To Net: NetName=EN Pin=BT2-2
Added Pin To Net: NetName=EN Pin=C6-1
Added Pin To Net: NetName=EN Pin=C7-1
Added Pin To Net: NetName=EN Pin=Q1-3
Added Pin To Net: NetName=EN Pin=R2-1
Added Net: Name=EN
Added Pin To Net: NetName=ESP_IO0 Pin=*1-25
Added Pin To Net: NetName=ESP_IO0 Pin=BT1-2
Added Pin To Net: NetName=ESP_IO0 Pin=C5-1
Added Pin To Net: NetName=ESP_IO0 Pin=Q2-3
Added Pin To Net: NetName=ESP_IO0 Pin=R1-1
Added Net: Name=ESP_IO0
Added Pin To Net: NetName=ESP_RX0 Pin=*1-34
Added Pin To Net: NetName=ESP_RX0 Pin=R7-1
Added Net: Name=ESP_RX0
Added Pin To Net: NetName=ESP_RX2 Pin=*1-27
Added Pin To Net: NetName=ESP_RX2 Pin=SIM1-5
Added Net: Name=ESP_RX2
Added Pin To Net: NetName=ESP_TX0 Pin=*1-35
Added Pin To Net: NetName=ESP_TX0 Pin=R5-1
Added Net: Name=ESP_TX0
Added Pin To Net: NetName=ESP_TX2 Pin=*1-28
Added Pin To Net: NetName=ESP_TX2 Pin=SIM1-4
Added Net: Name=ESP_TX2
Added Pin To Net: NetName=NetC12_1 Pin=C12-1
Added Pin To Net: NetName=NetC12_1 Pin=U2-4
Added Net: Name=NetC12_1
Added Pin To Net: NetName=NetD1_1 Pin=D1-1
Added Pin To Net: NetName=NetD1_1 Pin=USB1-1
Added Net: Name=NetD1_1
Added Pin To Net: NetName=NetQ1_1 Pin=Q1-1
Added Pin To Net: NetName=NetQ1_1 Pin=R4-1
Added Net: Name=NetQ1_1
Added Pin To Net: NetName=NetQ1_2 Pin=Q1-2
Added Pin To Net: NetName=NetQ1_2 Pin=R6-2
Added Pin To Net: NetName=NetQ1_2 Pin=U2-14
Added Net: Name=NetQ1_2
Added Pin To Net: NetName=NetQ2_1 Pin=Q2-1
Added Pin To Net: NetName=NetQ2_1 Pin=R6-1
Added Net: Name=NetQ2_1
Added Pin To Net: NetName=NetQ2_2 Pin=Q2-2
Added Pin To Net: NetName=NetQ2_2 Pin=R4-2
Added Pin To Net: NetName=NetQ2_2 Pin=U2-13
Added Net: Name=NetQ2_2
Added Pin To Net: NetName=NetR5_2 Pin=R5-2
Added Pin To Net: NetName=NetR5_2 Pin=U2-3
Added Net: Name=NetR5_2
Added Pin To Net: NetName=NetR7_2 Pin=R7-2
Added Pin To Net: NetName=NetR7_2 Pin=U2-2
Added Net: Name=NetR7_2
Added Pin To Net: NetName=NetU2_5 Pin=U2-5
Added Pin To Net: NetName=NetU2_5 Pin=USB1-3
Added Net: Name=NetU2_5
Added Pin To Net: NetName=NetU2_6 Pin=U2-6
Added Pin To Net: NetName=NetU2_6 Pin=USB1-2
Added Net: Name=NetU2_6
Change Class Name : Old Net Name=Sheet3 New Net Name=Sheet2
Added Member To Class: ClassName=Sheet2 Member=Component *1 ESP32 WROOM 32
Added Member To Class: ClassName=Sheet2 Member=Component D1 1N4007
Added Member To Class: ClassName=Sheet2 Member=Component Q1 S8050
Added Member To Class: ClassName=Sheet2 Member=Component Q2 S8050
Added Member To Class: ClassName=Sheet2 Member=Component R10 390R
Added Member To Class: ClassName=Sheet2 Member=Component R11 390R
Added Member To Class: ClassName=Sheet2 Member=Component USB1 USB Micro 5p DIP
Added Room: Name=Sheet2
