Removed Pin From Net: NetName=GND Pin=AMS1-1
Removed Pin From Net: NetName=+3.3 Pin=AMS1-2
Removed Pin From Net: NetName=+5 Pin=AMS1-3
Removed Pin From Net: NetName=+5 Pin=C9-1
Removed Pin From Net: NetName=+3.3 Pin=C10-1
Removed Pin From Net: NetName=GND Pin=C10-2
Removed Pin From Net: NetName=+3.3 Pin=C11-1
Removed Pin From Net: NetName=GND Pin=C11-2
Removed Pin From Net: NetName=NetL1_1 Pin=R3-1
Removed Pin From Net: NetName=+3.3 Pin=R3-2
Removed Member From Class: ClassName=Sheet2 Member=AMS1
Removed Member From Class: ClassName=Sheet2 Member=C10
Removed Member From Class: ClassName=Sheet2 Member=C11
Change Component Comment : Designator=R1 Old Comment=1k New Comment=10k
Change Component Comment : Designator=R12 Old Comment=1k New Comment=10k
Change Component Comment : Designator=C9 Old Comment=104 New Comment=106
Change Component Comment : Designator=R3 Old Comment=220R New Comment=390R
Change component parameters: Designator = "C9" ("C9"); Footprint = "tu 1206"; UniqueID = "\INYBSWZJ" ("\INYBSWZJ")
Change component parameters (AddParameter): Name = "Chung_Loai"; Value = "Dán"; VariantName = "[No Variations]"
Change component parameters (AddParameter): Name = "Don_Vi"; Value = "Con"; VariantName = "[No Variations]"
Change component parameters (AddParameter): Name = "Kieu_Chan"; Value = ""; VariantName = "[No Variations]"
Change component parameters (AddParameter): Name = "Ma_Hang"; Value = "MH004541"; VariantName = "[No Variations]"
Change component parameters (AddParameter): Name = "So_Chan"; Value = "2"; VariantName = "[No Variations]"
Change component parameters (AddParameter): Name = "Ten_Linh_Kien"; Value = "T? 1206 106-10uF 20% 16V"; VariantName = "[No Variations]"
Change component parameters: Designator = "R3" ("R3"); Footprint = "Tro smd 1206"; UniqueID = "\YXUYXMRT" ("\YXUYXMRT")
Change component parameters (AddParameter): Name = "Chung_Loai"; Value = "Dán"; VariantName = "[No Variations]"
Change component parameters (AddParameter): Name = "Don_Vi"; Value = "Con"; VariantName = "[No Variations]"
Change component parameters (AddParameter): Name = "Kieu_Chan"; Value = ""; VariantName = "[No Variations]"
Change component parameters (AddParameter): Name = "Ma_Hang"; Value = "MH005927"; VariantName = "[No Variations]"
Change component parameters (AddParameter): Name = "So_Chan"; Value = "2"; VariantName = "[No Variations]"
Change component parameters (AddParameter): Name = "Ten_Linh_Kien"; Value = "Tr? 1206 5% 390R"; VariantName = "[No Variations]"
Added Component: Designator=U2(SOT223)
Add component (AddParameter): Name = "Creator"; Value = "Nguyen Ba Bien"; VariantName = "[No Variations]"
Add component (AddParameter): Name = "Website"; Value = "http://group3i.net"; VariantName = "[No Variations]"
Added Pin To Net: NetName=+3.3 Pin=C9-1
Added Pin To Net: NetName=+3.3 Pin=R3-1
Added Pin To Net: NetName=NetL1_1 Pin=R3-2
Added Pin To Net: NetName=GND Pin=U2-1
Added Pin To Net: NetName=+3.3 Pin=U2-2
Added Pin To Net: NetName=+5 Pin=U2-3
Added Member To Class: ClassName=Sheet2 Member=Component U2 LM1117-3.3V
Added Room: Name=Sheet2
