Removed Pin From Net: NetName=PEN Pin=SIM-3
Removed Pin From Net: NetName=TX1 Pin=SIM-4
Removed Pin From Net: NetName=RX1 Pin=SIM-5
Removed Pin From Net: NetName=GND Pin=SIM-6
Removed Pin From Net: NetName=+5 Pin=SIM-7
Change Component Description : Designator=U2 Old Description=ARM® Cortex®-M3 STM32F1 Microcontroller IC 32-Bit 72MHz 64KB (64K x 8) FLASH 48-LQFP (7x7) New Description=ARM® Cortex®-M3 STM32F1 Microcontroller IC 32-Bit 72MHz 64KB (64K x 8) FLASH 48-LQFP (7x7)

Added Member To Class: ClassName=Sheet3 Member=Component 1 JACK DC 5.5
Added Member To Class: ClassName=Sheet3 Member=Component BT1 Nut Nhan 2 Chan SMD 3x6x2.5
Added Member To Class: ClassName=Sheet3 Member=Component BT2 Nut Nhan 2 Chan SMD 3x6x2.5
Added Member To Class: ClassName=Sheet3 Member=Component BT3 Nut Nhan 2 Chan SMD 3x6x2.5
Added Member To Class: ClassName=Sheet3 Member=Component C1 104
Added Member To Class: ClassName=Sheet3 Member=Component C2 104
Added Member To Class: ClassName=Sheet3 Member=Component C3 104
Added Member To Class: ClassName=Sheet3 Member=Component C4 104
Added Member To Class: ClassName=Sheet3 Member=Component C5 106
Added Member To Class: ClassName=Sheet3 Member=Component C6 104
Added Member To Class: ClassName=Sheet3 Member=Component C7 106
Added Member To Class: ClassName=Sheet3 Member=Component C8 104
Added Member To Class: ClassName=Sheet3 Member=Component C9 104
Added Member To Class: ClassName=Sheet3 Member=Component C10 104
Added Member To Class: ClassName=Sheet3 Member=Component C11 104
Added Member To Class: ClassName=Sheet3 Member=Component C12 104
Added Member To Class: ClassName=Sheet3 Member=Component C13 104
Added Member To Class: ClassName=Sheet3 Member=Component C14 106
Added Member To Class: ClassName=Sheet3 Member=Component C15 104
Added Member To Class: ClassName=Sheet3 Member=Component C16 104
Added Member To Class: ClassName=Sheet3 Member=Component C17 CN-ALU-SMD
Added Member To Class: ClassName=Sheet3 Member=Component C18 CN-ALU-SMD
Added Member To Class: ClassName=Sheet3 Member=Component C19 105
Added Member To Class: ClassName=Sheet3 Member=Component D1 SS54
Added Member To Class: ClassName=Sheet3 Member=Component D2 TVS Diode
Added Member To Class: ClassName=Sheet3 Member=Component FLOW Header
Added Member To Class: ClassName=Sheet3 Member=Component K1 KF128_2P
Added Member To Class: ClassName=Sheet3 Member=Component KIT Header 4P
Added Member To Class: ClassName=Sheet3 Member=Component L1 LED 0805
Added Member To Class: ClassName=Sheet3 Member=Component L2 LED 0805
Added Member To Class: ClassName=Sheet3 Member=Component L3 LED 0805
Added Member To Class: ClassName=Sheet3 Member=Component L4 LED 0805
Added Member To Class: ClassName=Sheet3 Member=Component L5 LED 0805
Added Member To Class: ClassName=Sheet3 Member=Component L6 CDRH127
Added Member To Class: ClassName=Sheet3 Member=Component LCD Header 4P
Added Member To Class: ClassName=Sheet3 Member=Component LORA Ra-02
Added Member To Class: ClassName=Sheet3 Member=Component O1 MCP601T-I
Added Member To Class: ClassName=Sheet3 Member=Component R1 10k
Added Member To Class: ClassName=Sheet3 Member=Component R2 220R
Added Member To Class: ClassName=Sheet3 Member=Component R3 390R
Added Member To Class: ClassName=Sheet3 Member=Component R4 10k
Added Member To Class: ClassName=Sheet3 Member=Component R5 390R
Added Member To Class: ClassName=Sheet3 Member=Component R6 390R
Added Member To Class: ClassName=Sheet3 Member=Component R7 390R
Added Member To Class: ClassName=Sheet3 Member=Component R8 10k
Added Member To Class: ClassName=Sheet3 Member=Component R9 10k
Added Member To Class: ClassName=Sheet3 Member=Component R10 10k
Added Member To Class: ClassName=Sheet3 Member=Component R11 330R
Added Member To Class: ClassName=Sheet3 Member=Component R12 330R
Added Member To Class: ClassName=Sheet3 Member=Component SAL Header 3P
Added Member To Class: ClassName=Sheet3 Member=Component SHT3x Header 4P
Added Member To Class: ClassName=Sheet3 Member=Component ST Header 4P
Added Member To Class: ClassName=Sheet3 Member=Component TEMP_W Header 3P
Added Member To Class: ClassName=Sheet3 Member=Component U1 LM1117-3.3V
Added Member To Class: ClassName=Sheet3 Member=Component U2 STM32F103C8T6
Added Member To Class: ClassName=Sheet3 Member=Component U3 LM2596
Added Member To Class: ClassName=Sheet3 Member=Component X1 Crystal_8MHz
Added Room: Name=Sheet3
