Removed Pin From Net: NetName=+24 Pin=-1
Removed Pin From Net: NetName=Net_2 Pin=-2
Removed Pin From Net: NetName=GND Pin=-3
Removed Pin From Net: NetName=PA0 Pin=O1-1
Removed Pin From Net: NetName=PA0 Pin=O1-4
Removed Pin From Net: NetName=+3.3 Pin=O1-5
Added Component: Designator=C26(tu 1206)
Add component (AddParameter): Name = "Chung_Loai"; Value = "Dán"; VariantName = "[No Variations]"
Add component (AddParameter): Name = "Don_Vi"; Value = "Con"; VariantName = "[No Variations]"
Add component (AddParameter): Name = "Kieu_Chan"; Value = ""; VariantName = "[No Variations]"
Add component (AddParameter): Name = "Ma_Hang"; Value = "MH004544"; VariantName = "[No Variations]"
Add component (AddParameter): Name = "So_Chan"; Value = "2"; VariantName = "[No Variations]"
Add component (AddParameter): Name = "Ten_Linh_Kien"; Value = "T? 1206 104-0.1uF 20% 50V"; VariantName = "[No Variations]"
Added Component: Designator=K1(KF128_3V)
Added Component: Designator=R16(tro smd 0805)
Add component (AddParameter): Name = "Chung_Loai"; Value = "Dán"; VariantName = "[No Variations]"
Add component (AddParameter): Name = "Don_Vi"; Value = "Con"; VariantName = "[No Variations]"
Add component (AddParameter): Name = "Kieu_Chan"; Value = ""; VariantName = "[No Variations]"
Add component (AddParameter): Name = "Ma_Hang"; Value = "MH005483"; VariantName = "[No Variations]"
Add component (AddParameter): Name = "So_Chan"; Value = "2"; VariantName = "[No Variations]"
Add component (AddParameter): Name = "Ten_Linh_Kien"; Value = "Tr? 0805 1% 200k"; VariantName = "[No Variations]"
Added Pin To Net: NetName=PA0 Pin=C26-1
Added Pin To Net: NetName=GND Pin=C26-2
Added Pin To Net: NetName=+24 Pin=K1-1
Added Pin To Net: NetName=Net_2 Pin=K1-2
Added Pin To Net: NetName=GND Pin=K1-3
Added Pin To Net: NetName=+5 Pin=O1-5
Added Pin To Net: NetName=PA0 Pin=R16-2
Change Net Name : Old Net Name=Net_2 New Net Name=NetD2_1
Added Pin To Net: NetName=NetO1_1 Pin=O1-1
Added Pin To Net: NetName=NetO1_1 Pin=O1-4
Added Pin To Net: NetName=NetO1_1 Pin=R16-1
Added Net: Name=NetO1_1
Added Member To Class: ClassName=Sheet3 Member=Component C26 104
Added Member To Class: ClassName=Sheet3 Member=Component K1 KF128
Added Member To Class: ClassName=Sheet3 Member=Component R16 200k
Added Room: Name=Sheet3
